#
# A fatal error has been detected by the Java Runtime Environment:
#
#  EXCEPTION_ACCESS_VIOLATION (0xc0000005) at pc=0x00007ffe5b20fa4b, pid=10376, tid=13076
#
# JRE version: OpenJDK Runtime Environment Corretto-18.0.2.9.1 (18.0.2+9) (build 18.0.2+9-FR)
# Java VM: OpenJDK 64-Bit Server VM Corretto-18.0.2.9.1 (18.0.2+9-FR, mixed mode, sharing, tiered, compressed oops, compressed class ptrs, g1 gc, windows-amd64)
# Problematic frame:
# C  [igxelpicd64.dll+0x26fa4b]
#
# No core dump will be written. Minidumps are not enabled by default on client versions of Windows
#
# If you would like to submit a bug report, please visit:
#   https://github.com/corretto/corretto-18/issues/
#

---------------  S U M M A R Y ------------

Command Line: -agentlib:jdwp=transport=dt_socket,address=127.0.0.1:57720,suspend=y,server=n -Djava.library.path=D:\SRC\evolution\natives -javaagent:C:\Users\Artem\AppData\Local\JetBrains\IdeaIC2022.2\captureAgent\debugger-agent.jar -Dfile.encoding=windows-1251 -Dsun.stdout.encoding=windows-1251 -Dsun.stderr.encoding=windows-1251 Start

Host: 11th Gen Intel(R) Core(TM) i5-11260H @ 2.60GHz, 12 cores, 7G,  Windows 10 , 64 bit Build 19041 (10.0.19041.2364)
Time: Sat Dec 24 17:02:37 2022 RTZ 2 (s 10 , 64 bit Build 19041 (10.0.19041.2364) elapsed time: 5.232031 seconds (0d 0h 0m 5s)

---------------  T H R E A D  ---------------

Current thread (0x000001ec0373a040):  VMThread "VM Thread" [stack: 0x000000d622a00000,0x000000d622b00000] [id=13076]

Stack: [0x000000d622a00000,0x000000d622b00000],  sp=0x000000d622afe470,  free space=1017k
Native frames: (J=compiled Java code, j=interpreted, Vv=VM code, C=native code)
C  [igxelpicd64.dll+0x26fa4b]


siginfo: EXCEPTION_ACCESS_VIOLATION (0xc0000005), reading address 0x00000000000353c8


Register to memory mapping:

RIP=0x00007ffe5b20fa4b igxelpicd64.dll
RAX=0x000001ec2b6badd0 points into unknown readable memory: 0x00000000000000aa | aa 00 00 00 00 00 00 00
RBX=0x000001ec2b6bb218 points into unknown readable memory: 0x000001ec2b6b5990 | 90 59 6b 2b ec 01 00 00
RCX=0x0 is NULL
RDX=0x0 is NULL
RSP=0x000000d622afe470 points into unknown readable memory: 0x000001ec2ae3f150 | 50 f1 e3 2a ec 01 00 00
RBP=0x000000d622afe570 points into unknown readable memory: 0xffffffff00000009 | 09 00 00 00 ff ff ff ff
RSI=0x0 is NULL
RDI=0x000001ec28403a30 points into unknown readable memory: 0x00007ffe9eb42e00 | 00 2e b4 9e fe 7f 00 00
R8 =0x000001ec2b6badd0 points into unknown readable memory: 0x00000000000000aa | aa 00 00 00 00 00 00 00
R9 =0x0 is NULL
R10=0x0 is NULL
R11=0x0000000000000246 is an unknown value
R12=0x000001ec2b6bad00 points into unknown readable memory: 0x000001ec2a3a0880 | 80 08 3a 2a ec 01 00 00
R13=0x0 is NULL
R14=0x000001ec2b6bad00 points into unknown readable memory: 0x000001ec2a3a0880 | 80 08 3a 2a ec 01 00 00
R15=0x0 is NULL


Registers:
RAX=0x000001ec2b6badd0, RBX=0x000001ec2b6bb218, RCX=0x0000000000000000, RDX=0x0000000000000000
RSP=0x000000d622afe470, RBP=0x000000d622afe570, RSI=0x0000000000000000, RDI=0x000001ec28403a30
R8 =0x000001ec2b6badd0, R9 =0x0000000000000000, R10=0x0000000000000000, R11=0x0000000000000246
R12=0x000001ec2b6bad00, R13=0x0000000000000000, R14=0x000001ec2b6bad00, R15=0x0000000000000000
RIP=0x00007ffe5b20fa4b, EFLAGS=0x0000000000010202

Top of Stack: (sp=0x000000d622afe470)
0x000000d622afe470:   000001ec2ae3f150 0000000000000000
0x000000d622afe480:   0000000000000000 0000000000000000
0x000000d622afe490:   0000001622000000 0000000000000000
0x000000d622afe4a0:   000001ec036ad0b0 000001ec2b6b5990
0x000000d622afe4b0:   000001ec036ad0b0 00007ffe67e86f13
0x000000d622afe4c0:   000001ec2ae3f150 000000d622afed50
0x000000d622afe4d0:   0000000000000000 373033282073726f
0x000000d622afe4e0:   7830002000294b01 000000d622afe4f0
0x000000d622afe4f0:   0000000000000002 000001ec036d0029
0x000000d622afe500:   6661207061000a7d 6920434720726574
0x000000d622afe510:   6f697461636f766e 66282031313d736e
0x000000d622afe520:   0a3a2930206c6c75 00007ffe67e70000
0x000000d622afe530:   000000d622afe5b0 00007ffe67afaaaa
0x000000d622afe540:   000001ec036d56d0 0000000000000000
0x000000d622afe550:   000001ec036d7c20 00007ffe67a2bbb2
0x000000d622afe560:   000001b3510418cc 00007ffe681594c8 

Instructions: (pc=0x00007ffe5b20fa4b)
0x00007ffe5b20f94b:   87 82 00 90 48 8b 8f 80 02 00 00 48 89 4c 24 38
0x00007ffe5b20f95b:   48 8b 05 ee b9 b6 00 8b 80 a0 0a 00 00 89 44 24
0x00007ffe5b20f96b:   24 45 32 ed 44 88 6c 24 20 45 33 ed 4c 89 af 80
0x00007ffe5b20f97b:   02 00 00 44 89 af 88 02 00 00 4c 89 af a0 02 00
0x00007ffe5b20f98b:   00 4c 89 af 90 02 00 00 48 85 f6 75 3d 8b 35 aa
0x00007ffe5b20f99b:   84 c6 00 65 48 8b 04 25 58 00 00 00 ba 14 00 00
0x00007ffe5b20f9ab:   00 48 8b 04 f0 44 38 2c 02 0f 84 3b 68 6e 00 65
0x00007ffe5b20f9bb:   48 8b 04 25 58 00 00 00 ba 20 00 00 00 48 8b 04
0x00007ffe5b20f9cb:   f0 48 8b 34 02 48 89 74 24 28 48 3b 35 84 a8 c6
0x00007ffe5b20f9db:   00 0f 84 4e 10 00 00 48 85 c9 0f 84 fd 0a 00 00
0x00007ffe5b20f9eb:   0f 1f 44 00 00 4c 8b f1 4c 8b e1 48 8d 99 18 05
0x00007ffe5b20f9fb:   00 00 48 8b 03 48 89 44 24 38 45 84 ff 0f 85 d7
0x00007ffe5b20fa0b:   0e 00 00 8b 8f d0 01 00 00 48 8b 05 35 b9 b6 00
0x00007ffe5b20fa1b:   83 b8 54 03 00 00 02 75 34 4d 8d 84 24 d0 00 00
0x00007ffe5b20fa2b:   00 83 f9 10 0f 83 c2 07 00 00 8b c1 48 c1 e0 06
0x00007ffe5b20fa3b:   49 03 c0 48 85 c0 0f 84 1f 08 00 00 48 8b 50 08
0x00007ffe5b20fa4b:   48 3b 96 c8 53 03 00 0f 87 9d 0e 00 00 49 83 be
0x00007ffe5b20fa5b:   70 05 00 00 00 0f 85 c6 67 6e 00 44 8b 8f d0 01
0x00007ffe5b20fa6b:   00 00 48 8b 87 e8 01 00 00 4c 8b 00 8b 8f d0 01
0x00007ffe5b20fa7b:   00 00 49 8d b6 d0 00 00 00 83 f9 10 0f 83 a1 07
0x00007ffe5b20fa8b:   00 00 8b c1 48 c1 e0 06 48 03 c6 48 85 c0 0f 84
0x00007ffe5b20fa9b:   cf 07 00 00 4c 39 40 08 0f 86 c5 07 00 00 48 8b
0x00007ffe5b20faab:   87 80 02 00 00 48 89 03 4c 89 b7 80 02 00 00 ff
0x00007ffe5b20fabb:   87 88 02 00 00 49 8b 4e 08 48 8b 01 ba 01 00 00
0x00007ffe5b20facb:   00 48 8b 80 d8 02 00 00 ff 15 2f 8b 82 00 0f b7
0x00007ffe5b20fadb:   c8 48 2b c1 48 05 00 00 01 00 48 01 87 90 02 00
0x00007ffe5b20faeb:   00 49 8b 4e 08 48 8b 01 ba 01 00 00 00 48 8b 80
0x00007ffe5b20fafb:   d8 02 00 00 ff 15 03 8b 82 00 48 01 87 a0 02 00
0x00007ffe5b20fb0b:   00 e9 bf 06 00 00 48 8b c3 48 c1 e0 06 48 03 c6
0x00007ffe5b20fb1b:   48 85 c0 0f 84 00 09 00 00 4c 89 68 10 48 8d b7
0x00007ffe5b20fb2b:   f0 02 00 00 48 8b 1e 48 b8 aa aa aa aa aa aa aa
0x00007ffe5b20fb3b:   0a 48 39 46 08 0f 84 b1 68 6e 00 48 89 74 24 68 


Stack slot to memory mapping:
stack at sp + 0 slots: 0x000001ec2ae3f150 points into unknown readable memory: 0xffffffffffffffff | ff ff ff ff ff ff ff ff
stack at sp + 1 slots: 0x0 is NULL
stack at sp + 2 slots: 0x0 is NULL
stack at sp + 3 slots: 0x0 is NULL
stack at sp + 4 slots: 0x0000001622000000 is an unknown value
stack at sp + 5 slots: 0x0 is NULL
stack at sp + 6 slots: 0x000001ec036ad0b0 points into unknown readable memory: 0x00007ffe6813cfd8 | d8 cf 13 68 fe 7f 00 00
stack at sp + 7 slots: 0x000001ec2b6b5990 points into unknown readable memory: 0x000001ec2a3a0880 | 80 08 3a 2a ec 01 00 00

VM_Operation (0x000000d6235ff0c0): Exit, mode: safepoint, requested by thread 0x000001ec28e6d680


---------------  P R O C E S S  ---------------

Threads class SMR info:
_java_thread_list=0x000001ec2b162190, length=21, elements={
0x000001ec036bff00, 0x000001ec23d0dee0, 0x000001ec23d107a0, 0x000001ec23d29340,
0x000001ec23d29bf0, 0x000001ec23d2a4a0, 0x000001ec23d2cd60, 0x000001ec23d2d940,
0x000001ec23d3b260, 0x000001ec23d308c0, 0x000001ec280c9650, 0x000001ec28219420,
0x000001ec28259cc0, 0x000001ec28dc7e20, 0x000001ec2b99bac0, 0x000001ec28cb6b80,
0x000001ec2b9b1070, 0x000001ec2b75c020, 0x000001ec2aa0fa20, 0x000001ec2a46fa70,
0x000001ec28e6d680
}

Java Threads: ( => current thread )
  0x000001ec036bff00 JavaThread "Client thread" [_thread_blocked, id=8468, stack(0x000000d622400000,0x000000d622500000)]
  0x000001ec23d0dee0 JavaThread "Reference Handler" daemon [_thread_blocked, id=8436, stack(0x000000d622b00000,0x000000d622c00000)]
  0x000001ec23d107a0 JavaThread "Finalizer" daemon [_thread_blocked, id=16892, stack(0x000000d622c00000,0x000000d622d00000)]
  0x000001ec23d29340 JavaThread "Signal Dispatcher" daemon [_thread_blocked, id=6388, stack(0x000000d622d00000,0x000000d622e00000)]
  0x000001ec23d29bf0 JavaThread "Attach Listener" daemon [_thread_blocked, id=13216, stack(0x000000d622e00000,0x000000d622f00000)]
  0x000001ec23d2a4a0 JavaThread "Service Thread" daemon [_thread_blocked, id=5468, stack(0x000000d622f00000,0x000000d623000000)]
  0x000001ec23d2cd60 JavaThread "Monitor Deflation Thread" daemon [_thread_blocked, id=10412, stack(0x000000d623000000,0x000000d623100000)]
  0x000001ec23d2d940 JavaThread "C2 CompilerThread0" daemon [_thread_blocked, id=12048, stack(0x000000d623100000,0x000000d623200000)]
  0x000001ec23d3b260 JavaThread "C1 CompilerThread0" daemon [_thread_blocked, id=10320, stack(0x000000d623200000,0x000000d623300000)]
  0x000001ec23d308c0 JavaThread "Sweeper thread" daemon [_thread_blocked, id=6308, stack(0x000000d623300000,0x000000d623400000)]
  0x000001ec280c9650 JavaThread "Common-Cleaner" daemon [_thread_blocked, id=11032, stack(0x000000d623400000,0x000000d623500000)]
  0x000001ec28219420 JavaThread "JDWP Event Helper Thread" daemon [_thread_blocked, id=17064, stack(0x000000d623600000,0x000000d623700000)]
  0x000001ec28259cc0 JavaThread "Notification Thread" daemon [_thread_blocked, id=7844, stack(0x000000d623800000,0x000000d623900000)]
  0x000001ec28dc7e20 JavaThread "Snooper Timer" daemon [_thread_blocked, id=6528, stack(0x000000d624400000,0x000000d624500000)]
  0x000001ec2b99bac0 JavaThread "Timer hack thread" daemon [_thread_blocked, id=14888, stack(0x000000d624900000,0x000000d624a00000)]
  0x000001ec28cb6b80 JavaThread "C2 CompilerThread1" daemon [_thread_blocked, id=11780, stack(0x000000d624a00000,0x000000d624b00000)]
  0x000001ec2b9b1070 JavaThread "Keep-Alive-Timer" daemon [_thread_blocked, id=11128, stack(0x000000d624e00000,0x000000d624f00000)]
  0x000001ec2b75c020 JavaThread "Java2D Disposer" daemon [_thread_blocked, id=9968, stack(0x000000d624f00000,0x000000d625000000)]
  0x000001ec2aa0fa20 JavaThread "Thread-2" [_thread_blocked, id=9932, stack(0x000000d625100000,0x000000d625200000)]
  0x000001ec2a46fa70 JavaThread "Thread-3" [_thread_blocked, id=12116, stack(0x000000d625200000,0x000000d625300000)]
  0x000001ec28e6d680 JavaThread "SIGINT handler" daemon [_thread_blocked, id=13288, stack(0x000000d623500000,0x000000d623600000)]

Other Threads:
=>0x000001ec0373a040 VMThread "VM Thread" [stack: 0x000000d622a00000,0x000000d622b00000] [id=13076]
  0x000001ec037201a0 WorkerThread "GC Thread#0" [stack: 0x000000d622500000,0x000000d622600000] [id=14212]
  0x000001ec28ab0e40 WorkerThread "GC Thread#1" [stack: 0x000000d623a00000,0x000000d623b00000] [id=728]
  0x000001ec28d09450 WorkerThread "GC Thread#2" [stack: 0x000000d623b00000,0x000000d623c00000] [id=14800]
  0x000001ec28c6ba70 WorkerThread "GC Thread#3" [stack: 0x000000d623c00000,0x000000d623d00000] [id=9692]
  0x000001ec28c616e0 WorkerThread "GC Thread#4" [stack: 0x000000d623d00000,0x000000d623e00000] [id=11636]
  0x000001ec28c62dc0 WorkerThread "GC Thread#5" [stack: 0x000000d623e00000,0x000000d623f00000] [id=9044]
  0x000001ec28c63060 WorkerThread "GC Thread#6" [stack: 0x000000d623f00000,0x000000d624000000] [id=3868]
  0x000001ec28c63f30 WorkerThread "GC Thread#7" [stack: 0x000000d624000000,0x000000d624100000] [id=5156]
  0x000001ec28c641d0 WorkerThread "GC Thread#8" [stack: 0x000000d624100000,0x000000d624200000] [id=14784]
  0x000001ec28c650a0 WorkerThread "GC Thread#9" [stack: 0x000000d624200000,0x000000d624300000] [id=9912]
  0x000001ec037307e0 ConcurrentGCThread "G1 Main Marker" terminated
  0x000001ec037320f0 WorkerThread "G1 Conc#0" [stack: 0x000000d622700000,0x000000d622800000] [id=14988]
  0x000001ec29020f50 WorkerThread "G1 Conc#1" [stack: 0x000000d624600000,0x000000d624700000] [id=11856]
  0x000001ec290204d0 WorkerThread "G1 Conc#2" [stack: 0x000000d624700000,0x000000d624800000] [id=16004]
  0x000001ec0378e5d0 ConcurrentGCThread "G1 Refine#0" terminated
  0x000001ec0378ec90 ConcurrentGCThread "G1 Service" terminated

Threads with active compile tasks:

VM state: at safepoint (shutting down)

VM Mutex/Monitor currently owned by a thread:  ([mutex/lock_event])
[0x000001ec036bd770] Threads_lock - owner thread: 0x000001ec0373a040
[0x000001ec036bdfe0] Heap_lock - owner thread: 0x000001ec28e6d680

Heap address: 0x0000000084000000, size: 1984 MB, Compressed Oops mode: 32-bit

CDS archive(s) mapped at: [0x0000000800000000-0x0000000800ba0000-0x0000000800ba0000), size 12189696, SharedBaseAddress: 0x0000000800000000, ArchiveRelocationMode: 0.
Compressed class space mapped at: 0x0000000800c00000-0x0000000840c00000, reserved size: 1073741824
Narrow klass base: 0x0000000800000000, Narrow klass shift: 0, Narrow klass range: 0x100000000

GC Precious Log:
 CardTable entry size: 512
 Card Set container configuration: InlinePtr #cards 5 size 8 Array Of Cards #cards 12 size 40 Howl #buckets 4 coarsen threshold 1843 Howl Bitmap #cards 512 size 80 coarsen threshold 460 Card regions per heap region 1 cards per card region 2048
 CPUs: 12 total, 12 available
 Memory: 7933M
 Large Page Support: Disabled
 NUMA Support: Disabled
 Compressed Oops: Enabled (32-bit)
 Heap Region Size: 1M
 Heap Min Capacity: 8M
 Heap Initial Capacity: 124M
 Heap Max Capacity: 1984M
 Pre-touch: Disabled
 Parallel Workers: 10
 Concurrent Workers: 3
 Concurrent Refinement Workers: 10
 Periodic GC: Disabled

Heap:
 garbage-first heap   total 153600K, used 101156K [0x0000000084000000, 0x0000000100000000)
  region size 1024K, 33 young (33792K), 3 survivors (3072K)
 Metaspace       used 28555K, committed 28928K, reserved 1114112K
  class space    used 3286K, committed 3456K, reserved 1048576K

Heap Regions: E=young(eden), S=young(survivor), O=old, HS=humongous(starts), HC=humongous(continues), CS=collection set, F=free, OA=open archive, CA=closed archive, TAMS=top-at-mark-start (previous, next)
|   0|0x0000000084000000, 0x0000000084100000, 0x0000000084100000|100%|HS|  |TAMS 0x0000000084100000, 0x0000000084000000| Complete 
|   1|0x0000000084100000, 0x0000000084200000, 0x0000000084200000|100%|HC|  |TAMS 0x0000000084200000, 0x0000000084100000| Complete 
|   2|0x0000000084200000, 0x0000000084300000, 0x0000000084300000|100%| O|  |TAMS 0x0000000084300000, 0x0000000084200000| Untracked 
|   3|0x0000000084300000, 0x0000000084400000, 0x0000000084400000|100%| O|  |TAMS 0x0000000084400000, 0x0000000084300000| Untracked 
|   4|0x0000000084400000, 0x0000000084500000, 0x0000000084500000|100%|HS|  |TAMS 0x0000000084500000, 0x0000000084400000| Complete 
|   5|0x0000000084500000, 0x0000000084600000, 0x0000000084600000|100%|HC|  |TAMS 0x0000000084600000, 0x0000000084500000| Complete 
|   6|0x0000000084600000, 0x0000000084700000, 0x0000000084700000|100%|HC|  |TAMS 0x0000000084700000, 0x0000000084600000| Complete 
|   7|0x0000000084700000, 0x0000000084800000, 0x0000000084800000|100%|HC|  |TAMS 0x0000000084800000, 0x0000000084700000| Complete 
|   8|0x0000000084800000, 0x0000000084900000, 0x0000000084900000|100%|HC|  |TAMS 0x0000000084900000, 0x0000000084800000| Complete 
|   9|0x0000000084900000, 0x0000000084a00000, 0x0000000084a00000|100%|HC|  |TAMS 0x0000000084a00000, 0x0000000084900000| Complete 
|  10|0x0000000084a00000, 0x0000000084b00000, 0x0000000084b00000|100%|HC|  |TAMS 0x0000000084b00000, 0x0000000084a00000| Complete 
|  11|0x0000000084b00000, 0x0000000084c00000, 0x0000000084c00000|100%|HC|  |TAMS 0x0000000084c00000, 0x0000000084b00000| Complete 
|  12|0x0000000084c00000, 0x0000000084d00000, 0x0000000084d00000|100%|HC|  |TAMS 0x0000000084d00000, 0x0000000084c00000| Complete 
|  13|0x0000000084d00000, 0x0000000084e00000, 0x0000000084e00000|100%|HC|  |TAMS 0x0000000084e00000, 0x0000000084d00000| Complete 
|  14|0x0000000084e00000, 0x0000000084f00000, 0x0000000084f00000|100%|HC|  |TAMS 0x0000000084f00000, 0x0000000084e00000| Complete 
|  15|0x0000000084f00000, 0x0000000085000000, 0x0000000085000000|100%| O|  |TAMS 0x0000000085000000, 0x0000000084f00000| Untracked 
|  16|0x0000000085000000, 0x0000000085100000, 0x0000000085100000|100%| O|  |TAMS 0x0000000085100000, 0x0000000085000000| Untracked 
|  17|0x0000000085100000, 0x0000000085200000, 0x0000000085200000|100%| O|  |TAMS 0x0000000085200000, 0x0000000085100000| Untracked 
|  18|0x0000000085200000, 0x0000000085300000, 0x0000000085300000|100%| O|  |TAMS 0x0000000085300000, 0x0000000085200000| Untracked 
|  19|0x0000000085300000, 0x0000000085400000, 0x0000000085400000|100%| O|  |TAMS 0x0000000085400000, 0x0000000085300000| Untracked 
|  20|0x0000000085400000, 0x0000000085500000, 0x0000000085500000|100%| O|  |TAMS 0x0000000085500000, 0x0000000085400000| Untracked 
|  21|0x0000000085500000, 0x0000000085600000, 0x0000000085600000|100%| O|  |TAMS 0x0000000085600000, 0x0000000085500000| Untracked 
|  22|0x0000000085600000, 0x0000000085700000, 0x0000000085700000|100%| O|  |TAMS 0x0000000085700000, 0x0000000085600000| Untracked 
|  23|0x0000000085700000, 0x0000000085800000, 0x0000000085800000|100%| O|  |TAMS 0x0000000085800000, 0x0000000085700000| Untracked 
|  24|0x0000000085800000, 0x0000000085900000, 0x0000000085900000|100%| O|  |TAMS 0x0000000085900000, 0x0000000085800000| Untracked 
|  25|0x0000000085900000, 0x0000000085a00000, 0x0000000085a00000|100%| O|  |TAMS 0x0000000085a00000, 0x0000000085900000| Untracked 
|  26|0x0000000085a00000, 0x0000000085a00000, 0x0000000085b00000|  0%| F|  |TAMS 0x0000000085a00000, 0x0000000085a00000| Untracked 
|  27|0x0000000085b00000, 0x0000000085c00000, 0x0000000085c00000|100%| O|  |TAMS 0x0000000085c00000, 0x0000000085b00000| Untracked 
|  28|0x0000000085c00000, 0x0000000085d00000, 0x0000000085d00000|100%| O|  |TAMS 0x0000000085d00000, 0x0000000085c00000| Untracked 
|  29|0x0000000085d00000, 0x0000000085e00000, 0x0000000085e00000|100%| O|  |TAMS 0x0000000085e00000, 0x0000000085d00000| Untracked 
|  30|0x0000000085e00000, 0x0000000085f00000, 0x0000000085f00000|100%| O|  |TAMS 0x0000000085f00000, 0x0000000085e00000| Untracked 
|  31|0x0000000085f00000, 0x0000000086000000, 0x0000000086000000|100%| O|  |TAMS 0x0000000086000000, 0x0000000085f00000| Untracked 
|  32|0x0000000086000000, 0x00000000860da800, 0x0000000086100000| 85%| O|  |TAMS 0x00000000860da800, 0x0000000086000000| Untracked 
|  33|0x0000000086100000, 0x0000000086200000, 0x0000000086200000|100%|HS|  |TAMS 0x0000000086200000, 0x0000000086100000| Complete 
|  34|0x0000000086200000, 0x0000000086300000, 0x0000000086300000|100%|HC|  |TAMS 0x0000000086300000, 0x0000000086200000| Complete 
|  35|0x0000000086300000, 0x0000000086400000, 0x0000000086400000|100%|HC|  |TAMS 0x0000000086400000, 0x0000000086300000| Complete 
|  36|0x0000000086400000, 0x0000000086500000, 0x0000000086500000|100%|HC|  |TAMS 0x0000000086500000, 0x0000000086400000| Complete 
|  37|0x0000000086500000, 0x0000000086600000, 0x0000000086600000|100%|HC|  |TAMS 0x0000000086600000, 0x0000000086500000| Complete 
|  38|0x0000000086600000, 0x0000000086700000, 0x0000000086700000|100%|HC|  |TAMS 0x0000000086700000, 0x0000000086600000| Complete 
|  39|0x0000000086700000, 0x0000000086800000, 0x0000000086800000|100%|HC|  |TAMS 0x0000000086800000, 0x0000000086700000| Complete 
|  40|0x0000000086800000, 0x0000000086900000, 0x0000000086900000|100%|HC|  |TAMS 0x0000000086900000, 0x0000000086800000| Complete 
|  41|0x0000000086900000, 0x0000000086a00000, 0x0000000086a00000|100%|HC|  |TAMS 0x0000000086a00000, 0x0000000086900000| Complete 
|  42|0x0000000086a00000, 0x0000000086b00000, 0x0000000086b00000|100%|HC|  |TAMS 0x0000000086b00000, 0x0000000086a00000| Complete 
|  43|0x0000000086b00000, 0x0000000086c00000, 0x0000000086c00000|100%|HC|  |TAMS 0x0000000086c00000, 0x0000000086b00000| Complete 
|  44|0x0000000086c00000, 0x0000000086d00000, 0x0000000086d00000|100%|HC|  |TAMS 0x0000000086d00000, 0x0000000086c00000| Complete 
|  45|0x0000000086d00000, 0x0000000086e00000, 0x0000000086e00000|100%|HC|  |TAMS 0x0000000086e00000, 0x0000000086d00000| Complete 
|  46|0x0000000086e00000, 0x0000000086f00000, 0x0000000086f00000|100%|HC|  |TAMS 0x0000000086f00000, 0x0000000086e00000| Complete 
|  47|0x0000000086f00000, 0x0000000087000000, 0x0000000087000000|100%|HC|  |TAMS 0x0000000087000000, 0x0000000086f00000| Complete 
|  48|0x0000000087000000, 0x0000000087100000, 0x0000000087100000|100%|HC|  |TAMS 0x0000000087100000, 0x0000000087000000| Complete 
|  49|0x0000000087100000, 0x0000000087200000, 0x0000000087200000|100%|HC|  |TAMS 0x0000000087200000, 0x0000000087100000| Complete 
|  50|0x0000000087200000, 0x0000000087300000, 0x0000000087300000|100%| O|  |TAMS 0x0000000087300000, 0x0000000087200000| Untracked 
|  51|0x0000000087300000, 0x0000000087400000, 0x0000000087400000|100%|HS|  |TAMS 0x0000000087400000, 0x0000000087300000| Complete 
|  52|0x0000000087400000, 0x0000000087500000, 0x0000000087500000|100%|HS|  |TAMS 0x0000000087500000, 0x0000000087400000| Complete 
|  53|0x0000000087500000, 0x0000000087600000, 0x0000000087600000|100%|HC|  |TAMS 0x0000000087600000, 0x0000000087500000| Complete 
|  54|0x0000000087600000, 0x0000000087700000, 0x0000000087700000|100%|HC|  |TAMS 0x0000000087700000, 0x0000000087600000| Complete 
|  55|0x0000000087700000, 0x0000000087800000, 0x0000000087800000|100%|HC|  |TAMS 0x0000000087800000, 0x0000000087700000| Complete 
|  56|0x0000000087800000, 0x0000000087900000, 0x0000000087900000|100%|HC|  |TAMS 0x0000000087900000, 0x0000000087800000| Complete 
|  57|0x0000000087900000, 0x0000000087a00000, 0x0000000087a00000|100%| O|  |TAMS 0x0000000087a00000, 0x0000000087900000| Untracked 
|  58|0x0000000087a00000, 0x0000000087b00000, 0x0000000087b00000|100%| O|  |TAMS 0x0000000087b00000, 0x0000000087a00000| Untracked 
|  59|0x0000000087b00000, 0x0000000087c00000, 0x0000000087c00000|100%| O|  |TAMS 0x0000000087c00000, 0x0000000087b00000| Untracked 
|  60|0x0000000087c00000, 0x0000000087d00000, 0x0000000087d00000|100%| O|  |TAMS 0x0000000087d00000, 0x0000000087c00000| Untracked 
|  61|0x0000000087d00000, 0x0000000087d20c00, 0x0000000087e00000| 12%| O|  |TAMS 0x0000000087d20c00, 0x0000000087d00000| Untracked 
|  62|0x0000000087e00000, 0x0000000087e00000, 0x0000000087f00000|  0%| F|  |TAMS 0x0000000087e00000, 0x0000000087e00000| Untracked 
|  63|0x0000000087f00000, 0x0000000087f00000, 0x0000000088000000|  0%| F|  |TAMS 0x0000000087f00000, 0x0000000087f00000| Untracked 
|  64|0x0000000088000000, 0x0000000088000000, 0x0000000088100000|  0%| F|  |TAMS 0x0000000088000000, 0x0000000088000000| Untracked 
|  65|0x0000000088100000, 0x0000000088100000, 0x0000000088200000|  0%| F|  |TAMS 0x0000000088100000, 0x0000000088100000| Untracked 
|  66|0x0000000088200000, 0x0000000088200000, 0x0000000088300000|  0%| F|  |TAMS 0x0000000088200000, 0x0000000088200000| Untracked 
|  67|0x0000000088300000, 0x0000000088300000, 0x0000000088400000|  0%| F|  |TAMS 0x0000000088300000, 0x0000000088300000| Untracked 
|  68|0x0000000088400000, 0x0000000088400000, 0x0000000088500000|  0%| F|  |TAMS 0x0000000088400000, 0x0000000088400000| Untracked 
|  69|0x0000000088500000, 0x0000000088500000, 0x0000000088600000|  0%| F|  |TAMS 0x0000000088500000, 0x0000000088500000| Untracked 
|  70|0x0000000088600000, 0x0000000088600000, 0x0000000088700000|  0%| F|  |TAMS 0x0000000088600000, 0x0000000088600000| Untracked 
|  71|0x0000000088700000, 0x0000000088700000, 0x0000000088800000|  0%| F|  |TAMS 0x0000000088700000, 0x0000000088700000| Untracked 
|  72|0x0000000088800000, 0x0000000088800000, 0x0000000088900000|  0%| F|  |TAMS 0x0000000088800000, 0x0000000088800000| Untracked 
|  73|0x0000000088900000, 0x0000000088900000, 0x0000000088a00000|  0%| F|  |TAMS 0x0000000088900000, 0x0000000088900000| Untracked 
|  74|0x0000000088a00000, 0x0000000088a00000, 0x0000000088b00000|  0%| F|  |TAMS 0x0000000088a00000, 0x0000000088a00000| Untracked 
|  75|0x0000000088b00000, 0x0000000088b00000, 0x0000000088c00000|  0%| F|  |TAMS 0x0000000088b00000, 0x0000000088b00000| Untracked 
|  76|0x0000000088c00000, 0x0000000088c00000, 0x0000000088d00000|  0%| F|  |TAMS 0x0000000088c00000, 0x0000000088c00000| Untracked 
|  77|0x0000000088d00000, 0x0000000088d00000, 0x0000000088e00000|  0%| F|  |TAMS 0x0000000088d00000, 0x0000000088d00000| Untracked 
|  78|0x0000000088e00000, 0x0000000088e00000, 0x0000000088f00000|  0%| F|  |TAMS 0x0000000088e00000, 0x0000000088e00000| Untracked 
|  79|0x0000000088f00000, 0x0000000088f00000, 0x0000000089000000|  0%| F|  |TAMS 0x0000000088f00000, 0x0000000088f00000| Untracked 
|  80|0x0000000089000000, 0x0000000089000000, 0x0000000089100000|  0%| F|  |TAMS 0x0000000089000000, 0x0000000089000000| Untracked 
|  81|0x0000000089100000, 0x0000000089100000, 0x0000000089200000|  0%| F|  |TAMS 0x0000000089100000, 0x0000000089100000| Untracked 
|  82|0x0000000089200000, 0x0000000089200000, 0x0000000089300000|  0%| F|  |TAMS 0x0000000089200000, 0x0000000089200000| Untracked 
|  83|0x0000000089300000, 0x0000000089300000, 0x0000000089400000|  0%| F|  |TAMS 0x0000000089300000, 0x0000000089300000| Untracked 
|  84|0x0000000089400000, 0x0000000089400000, 0x0000000089500000|  0%| F|  |TAMS 0x0000000089400000, 0x0000000089400000| Untracked 
|  85|0x0000000089500000, 0x0000000089500000, 0x0000000089600000|  0%| F|  |TAMS 0x0000000089500000, 0x0000000089500000| Untracked 
|  86|0x0000000089600000, 0x0000000089600000, 0x0000000089700000|  0%| F|  |TAMS 0x0000000089600000, 0x0000000089600000| Untracked 
|  87|0x0000000089700000, 0x00000000897cddf0, 0x0000000089800000| 80%| S|CS|TAMS 0x0000000089700000, 0x0000000089700000| Complete 
|  88|0x0000000089800000, 0x0000000089900000, 0x0000000089900000|100%| S|CS|TAMS 0x0000000089800000, 0x0000000089800000| Complete 
|  89|0x0000000089900000, 0x0000000089a00000, 0x0000000089a00000|100%| S|CS|TAMS 0x0000000089900000, 0x0000000089900000| Complete 
|  90|0x0000000089a00000, 0x0000000089a00000, 0x0000000089b00000|  0%| F|  |TAMS 0x0000000089a00000, 0x0000000089a00000| Untracked 
|  91|0x0000000089b00000, 0x0000000089b00000, 0x0000000089c00000|  0%| F|  |TAMS 0x0000000089b00000, 0x0000000089b00000| Untracked 
|  92|0x0000000089c00000, 0x0000000089c00000, 0x0000000089d00000|  0%| F|  |TAMS 0x0000000089c00000, 0x0000000089c00000| Untracked 
|  93|0x0000000089d00000, 0x0000000089d00000, 0x0000000089e00000|  0%| F|  |TAMS 0x0000000089d00000, 0x0000000089d00000| Untracked 
|  94|0x0000000089e00000, 0x0000000089e00000, 0x0000000089f00000|  0%| F|  |TAMS 0x0000000089e00000, 0x0000000089e00000| Untracked 
|  95|0x0000000089f00000, 0x0000000089f00000, 0x000000008a000000|  0%| F|  |TAMS 0x0000000089f00000, 0x0000000089f00000| Untracked 
|  96|0x000000008a000000, 0x000000008a000000, 0x000000008a100000|  0%| F|  |TAMS 0x000000008a000000, 0x000000008a000000| Untracked 
|  97|0x000000008a100000, 0x000000008a100000, 0x000000008a200000|  0%| F|  |TAMS 0x000000008a100000, 0x000000008a100000| Untracked 
|  98|0x000000008a200000, 0x000000008a200000, 0x000000008a300000|  0%| F|  |TAMS 0x000000008a200000, 0x000000008a200000| Untracked 
|  99|0x000000008a300000, 0x000000008a300000, 0x000000008a400000|  0%| F|  |TAMS 0x000000008a300000, 0x000000008a300000| Untracked 
| 100|0x000000008a400000, 0x000000008a400000, 0x000000008a500000|  0%| F|  |TAMS 0x000000008a400000, 0x000000008a400000| Untracked 
| 101|0x000000008a500000, 0x000000008a500000, 0x000000008a600000|  0%| F|  |TAMS 0x000000008a500000, 0x000000008a500000| Untracked 
| 102|0x000000008a600000, 0x000000008a600000, 0x000000008a700000|  0%| F|  |TAMS 0x000000008a600000, 0x000000008a600000| Untracked 
| 103|0x000000008a700000, 0x000000008a700000, 0x000000008a800000|  0%| F|  |TAMS 0x000000008a700000, 0x000000008a700000| Untracked 
| 104|0x000000008a800000, 0x000000008a800000, 0x000000008a900000|  0%| F|  |TAMS 0x000000008a800000, 0x000000008a800000| Untracked 
| 105|0x000000008a900000, 0x000000008a900000, 0x000000008aa00000|  0%| F|  |TAMS 0x000000008a900000, 0x000000008a900000| Untracked 
| 106|0x000000008aa00000, 0x000000008aa00000, 0x000000008ab00000|  0%| F|  |TAMS 0x000000008aa00000, 0x000000008aa00000| Untracked 
| 107|0x000000008ab00000, 0x000000008ab00000, 0x000000008ac00000|  0%| F|  |TAMS 0x000000008ab00000, 0x000000008ab00000| Untracked 
| 108|0x000000008ac00000, 0x000000008ac00000, 0x000000008ad00000|  0%| F|  |TAMS 0x000000008ac00000, 0x000000008ac00000| Untracked 
| 109|0x000000008ad00000, 0x000000008ad00000, 0x000000008ae00000|  0%| F|  |TAMS 0x000000008ad00000, 0x000000008ad00000| Untracked 
| 110|0x000000008ae00000, 0x000000008ae00000, 0x000000008af00000|  0%| F|  |TAMS 0x000000008ae00000, 0x000000008ae00000| Untracked 
| 111|0x000000008af00000, 0x000000008af00000, 0x000000008b000000|  0%| F|  |TAMS 0x000000008af00000, 0x000000008af00000| Untracked 
| 112|0x000000008b000000, 0x000000008b000000, 0x000000008b100000|  0%| F|  |TAMS 0x000000008b000000, 0x000000008b000000| Untracked 
| 113|0x000000008b100000, 0x000000008b182010, 0x000000008b200000| 50%| E|  |TAMS 0x000000008b100000, 0x000000008b100000| Complete 
| 114|0x000000008b200000, 0x000000008b300000, 0x000000008b300000|100%| E|CS|TAMS 0x000000008b200000, 0x000000008b200000| Complete 
| 115|0x000000008b300000, 0x000000008b400000, 0x000000008b400000|100%| E|CS|TAMS 0x000000008b300000, 0x000000008b300000| Complete 
| 116|0x000000008b400000, 0x000000008b500000, 0x000000008b500000|100%| E|CS|TAMS 0x000000008b400000, 0x000000008b400000| Complete 
| 117|0x000000008b500000, 0x000000008b600000, 0x000000008b600000|100%| E|CS|TAMS 0x000000008b500000, 0x000000008b500000| Complete 
| 118|0x000000008b600000, 0x000000008b700000, 0x000000008b700000|100%| E|CS|TAMS 0x000000008b600000, 0x000000008b600000| Complete 
| 119|0x000000008b700000, 0x000000008b800000, 0x000000008b800000|100%| E|CS|TAMS 0x000000008b700000, 0x000000008b700000| Complete 
| 120|0x000000008b800000, 0x000000008b900000, 0x000000008b900000|100%| E|CS|TAMS 0x000000008b800000, 0x000000008b800000| Complete 
| 121|0x000000008b900000, 0x000000008ba00000, 0x000000008ba00000|100%| E|CS|TAMS 0x000000008b900000, 0x000000008b900000| Complete 
| 122|0x000000008ba00000, 0x000000008bb00000, 0x000000008bb00000|100%| E|CS|TAMS 0x000000008ba00000, 0x000000008ba00000| Complete 
| 123|0x000000008bb00000, 0x000000008bc00000, 0x000000008bc00000|100%| E|CS|TAMS 0x000000008bb00000, 0x000000008bb00000| Complete 
| 124|0x000000008bc00000, 0x000000008bd00000, 0x000000008bd00000|100%| E|CS|TAMS 0x000000008bc00000, 0x000000008bc00000| Complete 
| 125|0x000000008bd00000, 0x000000008be00000, 0x000000008be00000|100%| E|CS|TAMS 0x000000008bd00000, 0x000000008bd00000| Complete 
| 126|0x000000008be00000, 0x000000008bf00000, 0x000000008bf00000|100%| E|CS|TAMS 0x000000008be00000, 0x000000008be00000| Complete 
| 127|0x000000008bf00000, 0x000000008c000000, 0x000000008c000000|100%| E|CS|TAMS 0x000000008bf00000, 0x000000008bf00000| Complete 
| 128|0x000000008c000000, 0x000000008c100000, 0x000000008c100000|100%| E|CS|TAMS 0x000000008c000000, 0x000000008c000000| Complete 
| 129|0x000000008c100000, 0x000000008c200000, 0x000000008c200000|100%| E|CS|TAMS 0x000000008c100000, 0x000000008c100000| Complete 
| 130|0x000000008c200000, 0x000000008c300000, 0x000000008c300000|100%| E|CS|TAMS 0x000000008c200000, 0x000000008c200000| Complete 
| 131|0x000000008c300000, 0x000000008c400000, 0x000000008c400000|100%| E|CS|TAMS 0x000000008c300000, 0x000000008c300000| Complete 
| 132|0x000000008c400000, 0x000000008c500000, 0x000000008c500000|100%| E|CS|TAMS 0x000000008c400000, 0x000000008c400000| Complete 
| 133|0x000000008c500000, 0x000000008c600000, 0x000000008c600000|100%| E|CS|TAMS 0x000000008c500000, 0x000000008c500000| Complete 
| 134|0x000000008c600000, 0x000000008c700000, 0x000000008c700000|100%| E|CS|TAMS 0x000000008c600000, 0x000000008c600000| Complete 
| 135|0x000000008c700000, 0x000000008c800000, 0x000000008c800000|100%| E|CS|TAMS 0x000000008c700000, 0x000000008c700000| Complete 
| 136|0x000000008c800000, 0x000000008c900000, 0x000000008c900000|100%| E|CS|TAMS 0x000000008c800000, 0x000000008c800000| Complete 
| 137|0x000000008c900000, 0x000000008ca00000, 0x000000008ca00000|100%| E|CS|TAMS 0x000000008c900000, 0x000000008c900000| Complete 
| 138|0x000000008ca00000, 0x000000008cb00000, 0x000000008cb00000|100%| E|CS|TAMS 0x000000008ca00000, 0x000000008ca00000| Complete 
| 139|0x000000008cb00000, 0x000000008cc00000, 0x000000008cc00000|100%| E|CS|TAMS 0x000000008cb00000, 0x000000008cb00000| Complete 
| 140|0x000000008cc00000, 0x000000008cd00000, 0x000000008cd00000|100%| E|CS|TAMS 0x000000008cc00000, 0x000000008cc00000| Complete 
| 141|0x000000008cd00000, 0x000000008ce00000, 0x000000008ce00000|100%| E|CS|TAMS 0x000000008cd00000, 0x000000008cd00000| Complete 
| 199|0x0000000090700000, 0x0000000090800000, 0x0000000090800000|100%| E|CS|TAMS 0x0000000090700000, 0x0000000090700000| Complete 
|1977|0x00000000ff900000, 0x00000000ffa00000, 0x00000000ffa00000|100%| O|  |TAMS 0x00000000ffa00000, 0x00000000ff900000| Untracked 
|1978|0x00000000ffa00000, 0x00000000ffb00000, 0x00000000ffb00000|100%| O|  |TAMS 0x00000000ffb00000, 0x00000000ffa00000| Untracked 
|1979|0x00000000ffb00000, 0x00000000ffc00000, 0x00000000ffc00000|100%| O|  |TAMS 0x00000000ffc00000, 0x00000000ffb00000| Untracked 
|1980|0x00000000ffc00000, 0x00000000ffd00000, 0x00000000ffd00000|100%| O|  |TAMS 0x00000000ffd00000, 0x00000000ffc00000| Untracked 
|1981|0x00000000ffd00000, 0x00000000ffe00000, 0x00000000ffe00000|100%| O|  |TAMS 0x00000000ffe00000, 0x00000000ffd00000| Untracked 
|1982|0x00000000ffe00000, 0x00000000fff00000, 0x00000000fff00000|100%| O|  |TAMS 0x00000000fff00000, 0x00000000ffe00000| Untracked 
|1983|0x00000000fff00000, 0x0000000100000000, 0x0000000100000000|100%| O|  |TAMS 0x0000000100000000, 0x00000000fff00000| Untracked 

Card table byte_map: [0x000001ec1cac0000,0x000001ec1cea0000] _byte_map_base: 0x000001ec1c6a0000

Marking Bits (Prev, Next): (CMBitMap*) 0x000001ec037206b0, (CMBitMap*) 0x000001ec037206f0
 Prev Bits: [0x000001ec1d280000, 0x000001ec1f180000)
 Next Bits: [0x000001ec1f180000, 0x000001ec21080000)

Polling page: 0x000001ec03510000

Metaspace:

Usage:
  Non-class:     24.68 MB used.
      Class:      3.21 MB used.
       Both:     27.89 MB used.

Virtual space:
  Non-class space:       64.00 MB reserved,      24.88 MB ( 39%) committed,  1 nodes.
      Class space:        1.00 GB reserved,       3.38 MB ( <1%) committed,  1 nodes.
             Both:        1.06 GB reserved,      28.25 MB (  3%) committed. 

Chunk freelists:
   Non-Class:  2.22 MB
       Class:  607.00 KB
        Both:  2.82 MB

MaxMetaspaceSize: unlimited
CompressedClassSpaceSize: 1.00 GB
Initial GC threshold: 21.00 MB
Current GC threshold: 46.69 MB
CDS: on
MetaspaceReclaimPolicy: balanced
 - commit_granule_bytes: 65536.
 - commit_granule_words: 8192.
 - virtual_space_node_default_size: 8388608.
 - enlarge_chunks_in_place: 1.
 - new_chunks_are_fully_committed: 0.
 - uncommit_free_chunks: 1.
 - use_allocation_guard: 0.


Internal statistics:

num_allocs_failed_limit: 3.
num_arena_births: 328.
num_arena_deaths: 0.
num_vsnodes_births: 2.
num_vsnodes_deaths: 0.
num_space_committed: 450.
num_space_uncommitted: 0.
num_chunks_returned_to_freelist: 3.
num_chunks_taken_from_freelist: 1065.
num_chunk_merges: 3.
num_chunk_splits: 812.
num_chunks_enlarged: 645.
num_inconsistent_stats: 0.

CodeHeap 'non-profiled nmethods': size=120000Kb used=3056Kb max_used=3056Kb free=116944Kb
 bounds [0x000001ec14530000, 0x000001ec14830000, 0x000001ec1ba60000]
CodeHeap 'profiled nmethods': size=120000Kb used=7886Kb max_used=7886Kb free=112113Kb
 bounds [0x000001ec0d000000, 0x000001ec0d7c0000, 0x000001ec14530000]
CodeHeap 'non-nmethods': size=5760Kb used=1486Kb max_used=1561Kb free=4273Kb
 bounds [0x000001ec0ca60000, 0x000001ec0ccd0000, 0x000001ec0d000000]
 total_blobs=4646 nmethods=3887 adapters=671
 compilation: enabled
              stopped_count=0, restarted_count=0
 full_count=0

Compilation events (20 events):
Event: 5.218 Thread 0x000001ec23d3b260 3896       3       com.sun.imageio.plugins.png.PNGImageReaderSpi::createReaderInstance (9 bytes)
Event: 5.218 Thread 0x000001ec23d3b260 nmethod 3896 0x000001ec0d7ae710 code [0x000001ec0d7ae8c0, 0x000001ec0d7aea88]
Event: 5.218 Thread 0x000001ec23d3b260 3897       3       com.sun.imageio.plugins.png.PNGImageReader::<init> (108 bytes)
Event: 5.219 Thread 0x000001ec23d3b260 nmethod 3897 0x000001ec0d7aeb90 code [0x000001ec0d7aed80, 0x000001ec0d7af358]
Event: 5.219 Thread 0x000001ec23d3b260 3898       3       javax.imageio.ImageReader::<init> (65 bytes)
Event: 5.219 Thread 0x000001ec23d3b260 nmethod 3898 0x000001ec0d7af510 code [0x000001ec0d7af6c0, 0x000001ec0d7af9f8]
Event: 5.219 Thread 0x000001ec23d3b260 3899       3       com.sun.imageio.spi.InputStreamImageInputStreamSpi::createInputStreamInstance (46 bytes)
Event: 5.219 Thread 0x000001ec23d3b260 nmethod 3899 0x000001ec0d7afa90 code [0x000001ec0d7afc80, 0x000001ec0d7b0228]
Event: 5.219 Thread 0x000001ec23d3b260 3900       3       javax.imageio.stream.MemoryCacheImageInputStream::<init> (96 bytes)
Event: 5.219 Thread 0x000001ec23d3b260 nmethod 3900 0x000001ec0d7b0410 code [0x000001ec0d7b0680, 0x000001ec0d7b1298]
Event: 5.219 Thread 0x000001ec23d3b260 3901       3       javax.imageio.stream.MemoryCache::<init> (26 bytes)
Event: 5.220 Thread 0x000001ec23d3b260 nmethod 3901 0x000001ec0d7b1690 code [0x000001ec0d7b1860, 0x000001ec0d7b1c98]
Event: 5.220 Thread 0x000001ec23d3b260 3902       3       javax.imageio.stream.MemoryCacheImageInputStream$StreamDisposerRecord::<init> (10 bytes)
Event: 5.220 Thread 0x000001ec23d3b260 nmethod 3902 0x000001ec0d7b1e10 code [0x000001ec0d7b1fa0, 0x000001ec0d7b2158]
Event: 5.220 Thread 0x000001ec23d3b260 3903       3       sun.java2d.Disposer::addRecord (9 bytes)
Event: 5.220 Thread 0x000001ec23d3b260 nmethod 3903 0x000001ec0d7b2210 code [0x000001ec0d7b23c0, 0x000001ec0d7b2508]
Event: 5.220 Thread 0x000001ec23d3b260 3904  s    3       sun.java2d.Disposer::add (61 bytes)
Event: 5.220 Thread 0x000001ec23d3b260 nmethod 3904 0x000001ec0d7b2610 code [0x000001ec0d7b2840, 0x000001ec0d7b3358]
Event: 5.220 Thread 0x000001ec23d3b260 3905       3       javax.imageio.stream.MemoryCacheImageInputStream::flushBefore (14 bytes)
Event: 5.220 Thread 0x000001ec23d3b260 nmethod 3905 0x000001ec0d7b3590 code [0x000001ec0d7b3740, 0x000001ec0d7b38d8]

GC Heap History (18 events):
Event: 0.458 GC heap before
{Heap before GC invocations=0 (full 0):
 garbage-first heap   total 126976K, used 24576K [0x0000000084000000, 0x0000000100000000)
  region size 1024K, 23 young (23552K), 0 survivors (0K)
 Metaspace       used 5911K, committed 6144K, reserved 1114112K
  class space    used 654K, committed 768K, reserved 1048576K
}
Event: 0.463 GC heap after
{Heap after GC invocations=1 (full 0):
 garbage-first heap   total 126976K, used 6628K [0x0000000084000000, 0x0000000100000000)
  region size 1024K, 3 young (3072K), 3 survivors (3072K)
 Metaspace       used 5911K, committed 6144K, reserved 1114112K
  class space    used 654K, committed 768K, reserved 1048576K
}
Event: 1.133 GC heap before
{Heap before GC invocations=1 (full 0):
 garbage-first heap   total 126976K, used 47588K [0x0000000084000000, 0x0000000100000000)
  region size 1024K, 33 young (33792K), 3 survivors (3072K)
 Metaspace       used 15188K, committed 15424K, reserved 1114112K
  class space    used 1740K, committed 1856K, reserved 1048576K
}
Event: 1.142 GC heap after
{Heap after GC invocations=2 (full 0):
 garbage-first heap   total 126976K, used 22720K [0x0000000084000000, 0x0000000100000000)
  region size 1024K, 5 young (5120K), 5 survivors (5120K)
 Metaspace       used 15188K, committed 15424K, reserved 1114112K
  class space    used 1740K, committed 1856K, reserved 1048576K
}
Event: 1.225 GC heap before
{Heap before GC invocations=2 (full 0):
 garbage-first heap   total 126976K, used 73920K [0x0000000084000000, 0x0000000100000000)
  region size 1024K, 55 young (56320K), 5 survivors (5120K)
 Metaspace       used 15279K, committed 15488K, reserved 1114112K
  class space    used 1751K, committed 1856K, reserved 1048576K
}
Event: 1.237 GC heap after
{Heap after GC invocations=3 (full 0):
 garbage-first heap   total 126976K, used 28078K [0x0000000084000000, 0x0000000100000000)
  region size 1024K, 6 young (6144K), 6 survivors (6144K)
 Metaspace       used 15279K, committed 15488K, reserved 1114112K
  class space    used 1751K, committed 1856K, reserved 1048576K
}
Event: 1.422 GC heap before
{Heap before GC invocations=3 (full 0):
 garbage-first heap   total 126976K, used 82350K [0x0000000084000000, 0x0000000100000000)
  region size 1024K, 59 young (60416K), 6 survivors (6144K)
 Metaspace       used 16377K, committed 16640K, reserved 1114112K
  class space    used 1927K, committed 2048K, reserved 1048576K
}
Event: 1.436 GC heap after
{Heap after GC invocations=4 (full 0):
 garbage-first heap   total 126976K, used 33728K [0x0000000084000000, 0x0000000100000000)
  region size 1024K, 6 young (6144K), 6 survivors (6144K)
 Metaspace       used 16377K, committed 16640K, reserved 1114112K
  class space    used 1927K, committed 2048K, reserved 1048576K
}
Event: 1.897 GC heap before
{Heap before GC invocations=4 (full 0):
 garbage-first heap   total 126976K, used 85952K [0x0000000084000000, 0x0000000100000000)
  region size 1024K, 58 young (59392K), 6 survivors (6144K)
 Metaspace       used 21247K, committed 21504K, reserved 1114112K
  class space    used 2707K, committed 2880K, reserved 1048576K
}
Event: 1.912 GC heap after
{Heap after GC invocations=5 (full 0):
 garbage-first heap   total 204800K, used 40810K [0x0000000084000000, 0x0000000100000000)
  region size 1024K, 7 young (7168K), 7 survivors (7168K)
 Metaspace       used 21247K, committed 21504K, reserved 1114112K
  class space    used 2707K, committed 2880K, reserved 1048576K
}
Event: 3.397 GC heap before
{Heap before GC invocations=6 (full 0):
 garbage-first heap   total 140288K, used 139114K [0x0000000084000000, 0x0000000100000000)
  region size 1024K, 80 young (81920K), 7 survivors (7168K)
 Metaspace       used 28214K, committed 28544K, reserved 1114112K
  class space    used 3277K, committed 3456K, reserved 1048576K
}
Event: 3.405 GC heap after
{Heap after GC invocations=7 (full 0):
 garbage-first heap   total 153600K, used 69298K [0x0000000084000000, 0x0000000100000000)
  region size 1024K, 6 young (6144K), 6 survivors (6144K)
 Metaspace       used 28214K, committed 28544K, reserved 1114112K
  class space    used 3277K, committed 3456K, reserved 1048576K
}
Event: 3.413 GC heap before
{Heap before GC invocations=7 (full 0):
 garbage-first heap   total 153600K, used 70322K [0x0000000084000000, 0x0000000100000000)
  region size 1024K, 7 young (7168K), 6 survivors (6144K)
 Metaspace       used 28220K, committed 28544K, reserved 1114112K
  class space    used 3277K, committed 3456K, reserved 1048576K
}
Event: 3.416 GC heap after
{Heap after GC invocations=8 (full 0):
 garbage-first heap   total 153600K, used 69303K [0x0000000084000000, 0x0000000100000000)
  region size 1024K, 1 young (1024K), 1 survivors (1024K)
 Metaspace       used 28220K, committed 28544K, reserved 1114112K
  class space    used 3277K, committed 3456K, reserved 1048576K
}
Event: 3.946 GC heap before
{Heap before GC invocations=8 (full 0):
 garbage-first heap   total 153600K, used 118455K [0x0000000084000000, 0x0000000100000000)
  region size 1024K, 50 young (51200K), 1 survivors (1024K)
 Metaspace       used 28337K, committed 28672K, reserved 1114112K
  class space    used 3278K, committed 3456K, reserved 1048576K
}
Event: 3.949 GC heap after
{Heap after GC invocations=9 (full 0):
 garbage-first heap   total 153600K, used 70246K [0x0000000084000000, 0x0000000100000000)
  region size 1024K, 2 young (2048K), 2 survivors (2048K)
 Metaspace       used 28337K, committed 28672K, reserved 1114112K
  class space    used 3278K, committed 3456K, reserved 1048576K
}
Event: 4.629 GC heap before
{Heap before GC invocations=10 (full 0):
 garbage-first heap   total 153600K, used 122470K [0x0000000084000000, 0x0000000100000000)
  region size 1024K, 53 young (54272K), 2 survivors (2048K)
 Metaspace       used 28449K, committed 28800K, reserved 1114112K
  class space    used 3284K, committed 3456K, reserved 1048576K
}
Event: 4.634 GC heap after
{Heap after GC invocations=11 (full 0):
 garbage-first heap   total 153600K, used 71460K [0x0000000084000000, 0x0000000100000000)
  region size 1024K, 3 young (3072K), 3 survivors (3072K)
 Metaspace       used 28449K, committed 28800K, reserved 1114112K
  class space    used 3284K, committed 3456K, reserved 1048576K
}

Deoptimization events (20 events):
Event: 4.053 Thread 0x000001ec036bff00 DEOPT PACKING pc=0x000001ec0d53a64c sp=0x000000d6224fed80
Event: 4.053 Thread 0x000001ec036bff00 DEOPT UNPACKING pc=0x000001ec0cab6763 sp=0x000000d6224fe208 mode 1
Event: 4.119 Thread 0x000001ec036bff00 Uncommon trap: trap_request=0xffffffbe fr.pc=0x000001ec147b7710 relative=0x00000000000061f0
Event: 4.119 Thread 0x000001ec036bff00 Uncommon trap: reason=profile_predicate action=maybe_recompile pc=0x000001ec147b7710 method=com.google.gson.internal.bind.TypeAdapters$29.read(Lcom/google/gson/stream/JsonReader;)Lcom/google/gson/JsonElement; @ 174 c2
Event: 4.120 Thread 0x000001ec036bff00 DEOPT PACKING pc=0x000001ec147b7710 sp=0x000000d6224feba0
Event: 4.120 Thread 0x000001ec036bff00 DEOPT UNPACKING pc=0x000001ec0cab5c23 sp=0x000000d6224fea30 mode 2
Event: 4.144 Thread 0x000001ec036bff00 Uncommon trap: trap_request=0xffffffbe fr.pc=0x000001ec147c8d30 relative=0x0000000000005ef0
Event: 4.144 Thread 0x000001ec036bff00 Uncommon trap: reason=profile_predicate action=maybe_recompile pc=0x000001ec147c8d30 method=com.google.gson.internal.bind.TypeAdapters$29.read(Lcom/google/gson/stream/JsonReader;)Lcom/google/gson/JsonElement; @ 174 c2
Event: 4.144 Thread 0x000001ec036bff00 DEOPT PACKING pc=0x000001ec147c8d30 sp=0x000000d6224fea70
Event: 4.144 Thread 0x000001ec036bff00 DEOPT UNPACKING pc=0x000001ec0cab5c23 sp=0x000000d6224fea28 mode 2
Event: 4.254 Thread 0x000001ec036bff00 DEOPT PACKING pc=0x000001ec0d6b4e81 sp=0x000000d6224fe390
Event: 4.254 Thread 0x000001ec036bff00 DEOPT UNPACKING pc=0x000001ec0cab6763 sp=0x000000d6224fd8c0 mode 0
Event: 4.255 Thread 0x000001ec036bff00 DEOPT PACKING pc=0x000001ec0d6b4ea2 sp=0x000000d6224fe390
Event: 4.255 Thread 0x000001ec036bff00 DEOPT UNPACKING pc=0x000001ec0cab6763 sp=0x000000d6224fd8c0 mode 0
Event: 4.255 Thread 0x000001ec036bff00 DEOPT PACKING pc=0x000001ec0d6b4ea2 sp=0x000000d6224fe390
Event: 4.255 Thread 0x000001ec036bff00 DEOPT UNPACKING pc=0x000001ec0cab6763 sp=0x000000d6224fd8c0 mode 0
Event: 4.508 Thread 0x000001ec036bff00 DEOPT PACKING pc=0x000001ec0d6f0c14 sp=0x000000d6224febd0
Event: 4.508 Thread 0x000001ec036bff00 DEOPT UNPACKING pc=0x000001ec0cab6763 sp=0x000000d6224fe200 mode 1
Event: 4.508 Thread 0x000001ec036bff00 DEOPT PACKING pc=0x000001ec0d6f2234 sp=0x000000d6224fedd0
Event: 4.508 Thread 0x000001ec036bff00 DEOPT UNPACKING pc=0x000001ec0cab6763 sp=0x000000d6224fe2a0 mode 1

Classes loaded (20 events):
Event: 4.510 Loading class net/optifine/CustomItemProperties
Event: 4.510 Loading class net/optifine/CustomItemProperties done
Event: 4.511 Loading class net/optifine/CustomItems$1
Event: 4.511 Loading class net/optifine/CustomItems$1 done
Event: 4.616 Loading class net/minecraft/client/renderer/block/model/ModelBakery$2
Event: 4.616 Loading class net/minecraft/client/renderer/block/model/ModelBakery$2 done
Event: 4.623 Loading class java/util/EnumMap$Values
Event: 4.623 Loading class java/util/EnumMap$Values done
Event: 4.623 Loading class java/util/EnumMap$ValueIterator
Event: 4.624 Loading class java/util/EnumMap$ValueIterator done
Event: 4.624 Loading class net/minecraft/client/renderer/block/model/ModelBlock$Bookkeep
Event: 4.624 Loading class net/minecraft/client/renderer/block/model/ModelBlock$Bookkeep done
Event: 4.643 Loading class net/minecraft/client/renderer/block/model/ModelBakery$3
Event: 4.643 Loading class net/minecraft/client/renderer/block/model/ModelBakery$3 done
Event: 4.648 Loading class javax/imageio/ImageIO$ContainsFilter
Event: 4.648 Loading class javax/imageio/ImageIO$ContainsFilter done
Event: 4.684 Loading class java/lang/invoke/MethodHandle$1
Event: 4.684 Loading class java/lang/invoke/MethodHandle$1 done
Event: 5.214 Loading class jdk/internal/misc/Signal$1
Event: 5.214 Loading class jdk/internal/misc/Signal$1 done

Classes unloaded (0 events):
No events

Classes redefined (0 events):
No events

Internal exceptions (20 events):
Event: 0.704 Thread 0x000001ec036bff00 Exception <a 'java/lang/NoSuchMethodError'{0x000000008b378e10}: 'java.lang.Object java.lang.invoke.DirectMethodHandle$Holder.invokeStatic(java.lang.Object, java.lang.Object, java.lang.Object, java.lang.Object, int)'> (0x000000008b378e10) 
thrown [s\src\hotspot\share\interpreter\linkResolver.cpp, line 759]
Event: 0.731 Thread 0x000001ec036bff00 Exception <a 'java/lang/NoSuchMethodError'{0x000000008b116110}: 'java.lang.Object java.lang.invoke.DirectMethodHandle$Holder.invokeSpecial(java.lang.Object, java.lang.Object, java.lang.Object, java.lang.Object, java.lang.Object, java.lang.Object, java.lang.Object, java.lang.Object, java.lang.Object)'> (0x000000008b116110) 
thrown [s\src\hotspot\share\interpreter\linkResolver.cpp, line 759]
Event: 0.748 Thread 0x000001ec036bff00 Exception <a 'java/lang/NoSuchMethodError'{0x000000008b1d2828}: 'int java.lang.invoke.DirectMethodHandle$Holder.invokeInterface(java.lang.Object, java.lang.Object)'> (0x000000008b1d2828) 
thrown [s\src\hotspot\share\interpreter\linkResolver.cpp, line 759]
Event: 0.748 Thread 0x000001ec036bff00 Exception <a 'java/lang/IncompatibleClassChangeError'{0x000000008b1d5b08}: Found class java.lang.Object, but interface was expected> (0x000000008b1d5b08) 
thrown [s\src\hotspot\share\interpreter\linkResolver.cpp, line 826]
Event: 0.832 Thread 0x000001ec036bff00 Exception <a 'java/lang/NoSuchMethodError'{0x000000008ad87db0}: 'java.lang.Object java.lang.invoke.DirectMethodHandle$Holder.invokeStaticInit(java.lang.Object, int, int, int, int)'> (0x000000008ad87db0) 
thrown [s\src\hotspot\share\interpreter\linkResolver.cpp, line 759]
Event: 0.863 Thread 0x000001ec036bff00 Exception <a 'java/lang/NoSuchMethodError'{0x000000008add5718}: 'java.lang.Object java.lang.invoke.DirectMethodHandle$Holder.invokeStaticInit(java.lang.Object, java.lang.Object, int, int, int, int)'> (0x000000008add5718) 
thrown [s\src\hotspot\share\interpreter\linkResolver.cpp, line 759]
Event: 0.884 Thread 0x000001ec036bff00 Exception <a 'java/io/FileNotFoundException'{0x000000008ac9b1b0}> (0x000000008ac9b1b0) 
thrown [s\src\hotspot\share\prims\jni.cpp, line 516]
Event: 0.920 Thread 0x000001ec036bff00 Exception <a 'java/lang/ClassNotFoundException'{0x000000008aabd0c8}: sun/awt/resources/spi/awtProvider> (0x000000008aabd0c8) 
thrown [s\src\hotspot\share\classfile\systemDictionary.cpp, line 255]
Event: 0.925 Thread 0x000001ec036bff00 Exception <a 'java/io/FileNotFoundException'{0x000000008aacf0f8}> (0x000000008aacf0f8) 
thrown [s\src\hotspot\share\prims\jni.cpp, line 516]
Event: 0.926 Thread 0x000001ec036bff00 Exception <a 'java/io/FileNotFoundException'{0x000000008aad0660}> (0x000000008aad0660) 
thrown [s\src\hotspot\share\prims\jni.cpp, line 516]
Event: 1.715 Thread 0x000001ec036bff00 Exception <a 'java/lang/NoSuchMethodError'{0x000000008a4e0c20}: 'void java.lang.invoke.DirectMethodHandle$Holder.invokeVirtual(java.lang.Object, java.lang.Object)'> (0x000000008a4e0c20) 
thrown [s\src\hotspot\share\interpreter\linkResolver.cpp, line 759]
Event: 2.198 Thread 0x000001ec036bff00 Exception <a 'java/lang/NoSuchMethodError'{0x000000008c33d3e8}: 'int java.lang.invoke.Invokers$Holder.invokeExact_MT(java.lang.Object, java.lang.Object)'> (0x000000008c33d3e8) 
thrown [s\src\hotspot\share\interpreter\linkResolver.cpp, line 759]
Event: 2.388 Thread 0x000001ec036bff00 Exception <a 'java/io/FileNotFoundException'{0x000000008becfb98}> (0x000000008becfb98) 
thrown [s\src\hotspot\share\prims\jni.cpp, line 516]
Event: 2.389 Thread 0x000001ec036bff00 Exception <a 'java/io/FileNotFoundException'{0x000000008bed1030}> (0x000000008bed1030) 
thrown [s\src\hotspot\share\prims\jni.cpp, line 516]
Event: 2.594 Thread 0x000001ec036bff00 Implicit null exception at 0x000001ec145d512c to 0x000001ec145d5169
Event: 2.596 Thread 0x000001ec036bff00 Exception <a 'java/lang/UnsatisfiedLinkError'{0x000000008bceaae0}:    .
> (0x000000008bceaae0) 
thrown [s\src\hotspot\share\prims\jni.cpp, line 535]
Event: 3.096 Thread 0x000001ec2aa0fa20 Exception <a 'java/lang/InterruptedException'{0x000000008a380840}: sleep interrupted> (0x000000008a380840) 
thrown [s\src\hotspot\share\prims\jvm.cpp, line 3083]
Event: 3.109 Thread 0x000001ec2aa0fa20 Exception <a 'java/lang/IncompatibleClassChangeError'{0x000000008a3db738}: Found class java.lang.Object, but interface was expected> (0x000000008a3db738) 
thrown [s\src\hotspot\share\interpreter\linkResolver.cpp, line 826]
Event: 3.497 Thread 0x000001ec2aa0fa20 Exception <a 'java/lang/InterruptedException'{0x000000008c4c7ad8}: sleep interrupted> (0x000000008c4c7ad8) 
thrown [s\src\hotspot\share\prims\jvm.cpp, line 3083]
Event: 3.497 Thread 0x000001ec2aa0fa20 Exception <a 'java/lang/InterruptedException'{0x000000008c4c7de8}: sleep interrupted> (0x000000008c4c7de8) 
thrown [s\src\hotspot\share\prims\jvm.cpp, line 3083]

VM Operations (20 events):
Event: 3.407 Executing VM operation: Cleanup done
Event: 3.413 Executing VM operation: G1CollectForAllocation
Event: 3.416 Executing VM operation: G1CollectForAllocation done
Event: 3.946 Executing VM operation: G1CollectForAllocation
Event: 3.949 Executing VM operation: G1CollectForAllocation done
Event: 3.971 Executing VM operation: G1Concurrent
Event: 3.973 Executing VM operation: G1Concurrent done
Event: 3.973 Executing VM operation: Cleanup
Event: 3.973 Executing VM operation: Cleanup done
Event: 3.979 Executing VM operation: G1Concurrent
Event: 3.980 Executing VM operation: G1Concurrent done
Event: 4.629 Executing VM operation: G1CollectForAllocation
Event: 4.634 Executing VM operation: G1CollectForAllocation done
Event: 5.179 Executing VM operation: ChangeBreakpoints
Event: 5.179 Executing VM operation: ChangeBreakpoints done
Event: 5.180 Executing VM operation: ChangeBreakpoints
Event: 5.180 Executing VM operation: ChangeBreakpoints done
Event: 5.180 Executing VM operation: ChangeBreakpoints
Event: 5.180 Executing VM operation: ChangeBreakpoints done
Event: 5.221 Executing VM operation: Exit

Events (20 events):
Event: 2.636 Thread 0x000001ec2b9b1070 Thread added: 0x000001ec2b9b1070
Event: 2.637 Thread 0x000001ec2b0deaa0 Thread exited: 0x000001ec2b0deaa0
Event: 2.666 Thread 0x000001ec2b0deaa0 Thread added: 0x000001ec2b0deaa0
Event: 2.716 Thread 0x000001ec2b75c020 Thread added: 0x000001ec2b75c020
Event: 2.885 Thread 0x000001ec2aa12090 Thread added: 0x000001ec2aa12090
Event: 2.893 Thread 0x000001ec2aa0fa20 Thread added: 0x000001ec2aa0fa20
Event: 3.105 Thread 0x000001ec2a46fa70 Thread added: 0x000001ec2a46fa70
Event: 3.498 Thread 0x000001ec2aa12090 Thread exited: 0x000001ec2aa12090
Event: 5.179 Thread 0x000001ec2821c720 Thread exited: 0x000001ec2821c720
Event: 5.182 Thread 0x000001ec2814c690 Thread exited: 0x000001ec2814c690
Event: 5.215 Thread 0x000001ec28e6d680 Thread added: 0x000001ec28e6d680
Event: 5.215 Thread 0x000001ec28e6c340 Thread added: 0x000001ec28e6c340
Event: 5.215 Thread 0x000001ec28e6cce0 Thread added: 0x000001ec28e6cce0
Event: 5.215 Thread 0x000001ec28e6db50 Thread added: 0x000001ec28e6db50
Event: 5.215 Thread 0x000001ec28e6be70 Thread added: 0x000001ec28e6be70
Event: 5.215 Thread 0x000001ec28e6c340 Thread exited: 0x000001ec28e6c340
Event: 5.215 Thread 0x000001ec28e6be70 Thread exited: 0x000001ec28e6be70
Event: 5.217 Thread 0x000001ec28e6db50 Thread exited: 0x000001ec28e6db50
Event: 5.218 Thread 0x000001ec2b0deaa0 Thread exited: 0x000001ec2b0deaa0
Event: 5.221 Thread 0x000001ec28e6cce0 Thread exited: 0x000001ec28e6cce0


Dynamic libraries:
0x00007ff7c6550000 - 0x00007ff7c655d000 	C:\Users\Artem\.jdks\corretto-18.0.2\bin\java.exe
0x00007ffea0390000 - 0x00007ffea0588000 	C:\WINDOWS\SYSTEM32\ntdll.dll
0x00007ffe9e810000 - 0x00007ffe9e8cf000 	C:\WINDOWS\System32\KERNEL32.DLL
0x00007ffe9df60000 - 0x00007ffe9e232000 	C:\WINDOWS\System32\KERNELBASE.dll
0x00007ffe9dcc0000 - 0x00007ffe9ddc0000 	C:\WINDOWS\System32\ucrtbase.dll
0x00007ffe9b250000 - 0x00007ffe9b267000 	C:\Users\Artem\.jdks\corretto-18.0.2\bin\jli.dll
0x00007ffe9b230000 - 0x00007ffe9b245000 	C:\Users\Artem\.jdks\corretto-18.0.2\bin\VCRUNTIME140.dll
0x00007ffe9e5f0000 - 0x00007ffe9e791000 	C:\WINDOWS\System32\USER32.dll
0x00007ffe9e240000 - 0x00007ffe9e262000 	C:\WINDOWS\System32\win32u.dll
0x00007ffe90230000 - 0x00007ffe904ca000 	C:\WINDOWS\WinSxS\amd64_microsoft.windows.common-controls_6595b64144ccf1df_6.0.19041.1110_none_60b5254171f9507e\COMCTL32.dll
0x00007ffe9f180000 - 0x00007ffe9f1ab000 	C:\WINDOWS\System32\GDI32.dll
0x00007ffe9f0e0000 - 0x00007ffe9f17e000 	C:\WINDOWS\System32\msvcrt.dll
0x00007ffe9de50000 - 0x00007ffe9df5f000 	C:\WINDOWS\System32\gdi32full.dll
0x00007ffe9dbf0000 - 0x00007ffe9dc8d000 	C:\WINDOWS\System32\msvcp_win.dll
0x00007ffe9e7d0000 - 0x00007ffe9e802000 	C:\WINDOWS\System32\IMM32.DLL
0x00007ffe74710000 - 0x00007ffe747ab000 	C:\Users\Artem\.jdks\corretto-18.0.2\bin\msvcp140.dll
0x00007ffe67800000 - 0x00007ffe68471000 	C:\Users\Artem\.jdks\corretto-18.0.2\bin\server\jvm.dll
0x00007ffe9f210000 - 0x00007ffe9f2be000 	C:\WINDOWS\System32\ADVAPI32.dll
0x00007ffe9e480000 - 0x00007ffe9e51c000 	C:\WINDOWS\System32\sechost.dll
0x00007ffe9ea60000 - 0x00007ffe9eb85000 	C:\WINDOWS\System32\RPCRT4.dll
0x00007ffe9fdf0000 - 0x00007ffe9fdf8000 	C:\WINDOWS\System32\PSAPI.DLL
0x00007ffe89260000 - 0x00007ffe89287000 	C:\WINDOWS\SYSTEM32\WINMM.dll
0x00007ffe98680000 - 0x00007ffe98689000 	C:\WINDOWS\SYSTEM32\WSOCK32.dll
0x00007ffe95cc0000 - 0x00007ffe95cca000 	C:\WINDOWS\SYSTEM32\VERSION.dll
0x00007ffe9fcf0000 - 0x00007ffe9fd5b000 	C:\WINDOWS\System32\WS2_32.dll
0x00007ffe9b940000 - 0x00007ffe9b952000 	C:\WINDOWS\SYSTEM32\kernel.appcore.dll
0x00007ffe9b220000 - 0x00007ffe9b22a000 	C:\Users\Artem\.jdks\corretto-18.0.2\bin\jimage.dll
0x00007ffe88920000 - 0x00007ffe88b04000 	C:\WINDOWS\SYSTEM32\DBGHELP.DLL
0x00007ffe863a0000 - 0x00007ffe863d5000 	C:\WINDOWS\SYSTEM32\dbgcore.DLL
0x00007ffe9ddc0000 - 0x00007ffe9de42000 	C:\WINDOWS\System32\bcryptPrimitives.dll
0x00007ffe980d0000 - 0x00007ffe9810a000 	C:\Users\Artem\.jdks\corretto-18.0.2\bin\jdwp.dll
0x00007ffe98430000 - 0x00007ffe9843e000 	C:\Users\Artem\.jdks\corretto-18.0.2\bin\instrument.dll
0x00007ffe983f0000 - 0x00007ffe98415000 	C:\Users\Artem\.jdks\corretto-18.0.2\bin\java.dll
0x00007ffe983d0000 - 0x00007ffe983e8000 	C:\Users\Artem\.jdks\corretto-18.0.2\bin\zip.dll
0x00007ffe72750000 - 0x00007ffe72826000 	C:\Users\Artem\.jdks\corretto-18.0.2\bin\jsvml.dll
0x00007ffe9f5a0000 - 0x00007ffe9fce4000 	C:\WINDOWS\System32\SHELL32.dll
0x00007ffe9bb40000 - 0x00007ffe9c2d2000 	C:\WINDOWS\SYSTEM32\windows.storage.dll
0x00007ffe9fff0000 - 0x00007ffea0345000 	C:\WINDOWS\System32\combase.dll
0x00007ffe9d4e0000 - 0x00007ffe9d510000 	C:\WINDOWS\SYSTEM32\Wldp.dll
0x00007ffe9f2c0000 - 0x00007ffe9f36d000 	C:\WINDOWS\System32\SHCORE.dll
0x00007ffe9fe60000 - 0x00007ffe9feb5000 	C:\WINDOWS\System32\shlwapi.dll
0x00007ffe9d9c0000 - 0x00007ffe9d9df000 	C:\WINDOWS\SYSTEM32\profapi.dll
0x00007ffe980c0000 - 0x00007ffe980cc000 	C:\Users\Artem\.jdks\corretto-18.0.2\bin\dt_socket.dll
0x00007ffe9cee0000 - 0x00007ffe9cf1b000 	C:\WINDOWS\SYSTEM32\IPHLPAPI.DLL
0x00007ffe9d240000 - 0x00007ffe9d2aa000 	C:\WINDOWS\system32\mswsock.dll
0x00007ffe98090000 - 0x00007ffe980a3000 	C:\Users\Artem\.jdks\corretto-18.0.2\bin\net.dll
0x00007ffe94b00000 - 0x00007ffe94c0c000 	C:\WINDOWS\SYSTEM32\WINHTTP.dll
0x00007ffe97920000 - 0x00007ffe97935000 	C:\Users\Artem\.jdks\corretto-18.0.2\bin\nio.dll
0x00007ffe98020000 - 0x00007ffe98029000 	C:\Users\Artem\.jdks\corretto-18.0.2\bin\management.dll
0x00007ffe97f10000 - 0x00007ffe97f1b000 	C:\Users\Artem\.jdks\corretto-18.0.2\bin\management_ext.dll
0x00007ffe73180000 - 0x00007ffe73197000 	C:\WINDOWS\system32\napinsp.dll
0x00007ffe71150000 - 0x00007ffe7116b000 	C:\WINDOWS\system32\pnrpnsp.dll
0x00007ffe98970000 - 0x00007ffe98985000 	C:\WINDOWS\system32\wshbth.dll
0x00007ffe9a530000 - 0x00007ffe9a54d000 	C:\WINDOWS\system32\NLAapi.dll
0x00007ffe9cf30000 - 0x00007ffe9cffa000 	C:\WINDOWS\SYSTEM32\DNSAPI.dll
0x00007ffe9e7a0000 - 0x00007ffe9e7a8000 	C:\WINDOWS\System32\NSI.dll
0x00007ffe71130000 - 0x00007ffe71142000 	C:\WINDOWS\System32\winrnr.dll
0x00007ffe8a570000 - 0x00007ffe8a57a000 	C:\Windows\System32\rasadhlp.dll
0x00007ffe8b0b0000 - 0x00007ffe8b130000 	C:\WINDOWS\System32\fwpuclnt.dll
0x00007ffe9dc90000 - 0x00007ffe9dcb7000 	C:\WINDOWS\System32\bcrypt.dll
0x00007ffe98080000 - 0x00007ffe98090000 	C:\Users\Artem\.jdks\corretto-18.0.2\bin\verify.dll
0x0000000180000000 - 0x0000000180053000 	D:\SRC\evolution\natives\lwjgl64.dll
0x00007ffe83b80000 - 0x00007ffe83ca5000 	C:\WINDOWS\SYSTEM32\OPENGL32.dll
0x00007ffe894f0000 - 0x00007ffe8951c000 	C:\WINDOWS\SYSTEM32\GLU32.dll
0x00007ffe9d430000 - 0x00007ffe9d448000 	C:\WINDOWS\SYSTEM32\CRYPTSP.dll
0x00007ffe9caf0000 - 0x00007ffe9cb24000 	C:\WINDOWS\system32\rsaenh.dll
0x00007ffe9d980000 - 0x00007ffe9d9ae000 	C:\WINDOWS\SYSTEM32\USERENV.dll
0x00007ffe9d450000 - 0x00007ffe9d45c000 	C:\WINDOWS\SYSTEM32\CRYPTBASE.dll
0x00007ffe95780000 - 0x00007ffe95797000 	C:\WINDOWS\SYSTEM32\dhcpcsvc6.DLL
0x00007ffe95d60000 - 0x00007ffe95d7d000 	C:\WINDOWS\SYSTEM32\dhcpcsvc.DLL
0x00007ffe706b0000 - 0x00007ffe70857000 	C:\Users\Artem\.jdks\corretto-18.0.2\bin\awt.dll
0x00007ffe9e520000 - 0x00007ffe9e5ed000 	C:\WINDOWS\System32\OLEAUT32.dll
0x00007ffe9b280000 - 0x00007ffe9b311000 	C:\WINDOWS\SYSTEM32\apphelp.dll
0x00007ffe98580000 - 0x00007ffe9862e000 	C:\WINDOWS\SYSTEM32\mscms.dll
0x00007ffe984c0000 - 0x00007ffe984d1000 	C:\WINDOWS\SYSTEM32\ColorAdapterClient.dll
0x00007ffe9e3d0000 - 0x00007ffe9e47f000 	C:\WINDOWS\System32\clbcatq.dll
0x00007ffe94970000 - 0x00007ffe949b3000 	C:\Windows\System32\Windows.Internal.Graphics.Display.DisplayColorManagement.dll
0x00007ffe9db30000 - 0x00007ffe9db7e000 	C:\WINDOWS\System32\cfgmgr32.dll
0x00007ffe9b3d0000 - 0x00007ffe9b46e000 	C:\WINDOWS\system32\uxtheme.dll
0x00007ffe9e940000 - 0x00007ffe9ea55000 	C:\WINDOWS\System32\MSCTF.dll
0x00007ffe93370000 - 0x00007ffe93469000 	C:\WINDOWS\SYSTEM32\textinputframework.dll
0x00007ffe9ac10000 - 0x00007ffe9af6e000 	C:\WINDOWS\System32\CoreUIComponents.dll
0x00007ffe9af70000 - 0x00007ffe9b062000 	C:\WINDOWS\System32\CoreMessaging.dll
0x00007ffe9cc10000 - 0x00007ffe9cc43000 	C:\WINDOWS\SYSTEM32\ntmarta.dll
0x00007ffe995e0000 - 0x00007ffe99734000 	C:\WINDOWS\SYSTEM32\wintypes.dll
0x00007ffe969e0000 - 0x00007ffe96ad7000 	C:\Windows\System32\AppXDeploymentClient.dll
0x00007ffe5afa0000 - 0x00007ffe5bf36000 	C:\WINDOWS\System32\DriverStore\FileRepository\iigd_dch.inf_amd64_757a78782737e89a\igxelpicd64.dll
0x00007ffe9fec0000 - 0x00007ffe9ffea000 	C:\WINDOWS\System32\ole32.dll
0x00007ffe9b650000 - 0x00007ffe9b67f000 	C:\WINDOWS\system32\dwmapi.dll
0x00007ffe9c340000 - 0x00007ffe9c433000 	C:\WINDOWS\system32\dxgi.dll
0x00007ffe66170000 - 0x00007ffe66579000 	C:\WINDOWS\System32\DriverStore\FileRepository\iigd_dch.inf_amd64_757a78782737e89a\igdml64.dll
0x00007ffe8f8c0000 - 0x00007ffe8fbf1000 	C:\WINDOWS\System32\DriverStore\FileRepository\iigd_dch.inf_amd64_757a78782737e89a\igdgmm64.dll
0x00007ffe5ed70000 - 0x00007ffe5edb3000 	C:\WINDOWS\SYSTEM32\icm32.dll
0x00007ffe8c2d0000 - 0x00007ffe8f00c000 	C:\WINDOWS\System32\DriverStore\FileRepository\iigd_dch.inf_amd64_757a78782737e89a\igc64.dll
0x00007ffe9d000000 - 0x00007ffe9d04b000 	C:\WINDOWS\SYSTEM32\powrprof.dll
0x00007ffe9cec0000 - 0x00007ffe9ced2000 	C:\WINDOWS\SYSTEM32\UMPDC.dll
0x00007ffe87db0000 - 0x00007ffe87df2000 	C:\Users\Artem\AppData\Local\Temp\jna-63539755\jna10476702744499071964.dll
0x000001ec33330000 - 0x000001ec33394000 	D:\SRC\evolution\natives\OpenAL64.dll
0x00007ffe972f0000 - 0x00007ffe97375000 	C:\WINDOWS\System32\MMDevApi.dll
0x00007ffe9d830000 - 0x00007ffe9d85c000 	C:\WINDOWS\System32\DEVOBJ.dll
0x00007ffe70610000 - 0x00007ffe706ac000 	C:\WINDOWS\SYSTEM32\dsound.dll
0x00007ffe863e0000 - 0x00007ffe86406000 	C:\WINDOWS\SYSTEM32\winmmbase.dll
0x00007ffe97390000 - 0x00007ffe97512000 	C:\WINDOWS\SYSTEM32\AUDIOSES.DLL
0x00007ffe9b550000 - 0x00007ffe9b564000 	C:\WINDOWS\SYSTEM32\resourcepolicyclient.dll

dbghelp: loaded successfully - version: 4.0.5 - missing functions: none
symbol engine: initialized successfully - sym options: 0x614 - pdb path: .;C:\Users\Artem\.jdks\corretto-18.0.2\bin;C:\WINDOWS\SYSTEM32;C:\WINDOWS\WinSxS\amd64_microsoft.windows.common-controls_6595b64144ccf1df_6.0.19041.1110_none_60b5254171f9507e;C:\Users\Artem\.jdks\corretto-18.0.2\bin\server;D:\SRC\evolution\natives;C:\WINDOWS\System32\DriverStore\FileRepository\iigd_dch.inf_amd64_757a78782737e89a;C:\Users\Artem\AppData\Local\Temp\jna-63539755

VM Arguments:
jvm_args: -agentlib:jdwp=transport=dt_socket,address=127.0.0.1:57720,suspend=y,server=n -Djava.library.path=D:\SRC\evolution\natives -javaagent:C:\Users\Artem\AppData\Local\JetBrains\IdeaIC2022.2\captureAgent\debugger-agent.jar -Dfile.encoding=windows-1251 -Dsun.stdout.encoding=windows-1251 -Dsun.stderr.encoding=windows-1251 
java_command: Start
java_class_path (initial): D:\SRC\evolution\out\production\minecraft;D:\SRC\evolution\libraries\jna-4.4.0.jar;D:\SRC\evolution\libraries\gson-2.8.0.jar;D:\SRC\evolution\libraries\guava-21.0.jar;D:\SRC\evolution\libraries\discord-rpc.jar;D:\SRC\evolution\libraries\jinput-2.0.5.jar;D:\SRC\evolution\libraries\jsr305-3.0.1.jar;D:\SRC\evolution\libraries\jutils-1.0.0.jar;D:\SRC\evolution\libraries\patchy-1.3.9.jar;D:\SRC\evolution\libraries\oshi-core-1.1.jar;D:\SRC\evolution\libraries\authlib-1.5.25.jar;D:\SRC\evolution\libraries\commons-io-2.5.jar;D:\SRC\evolution\libraries\fastutil-7.1.0.jar;D:\SRC\evolution\libraries\httpcore-4.3.2.jar;D:\SRC\evolution\libraries\platform-3.4.0.jar;D:\SRC\evolution\libraries\realms-1.10.22.jar;D:\SRC\evolution\libraries\log4j-api-2.8.1.jar;D:\SRC\evolution\libraries\httpclient-4.3.3.jar;D:\SRC\evolution\libraries\log4j-core-2.8.1.jar;D:\SRC\evolution\libraries\codecwav-20101023.jar;D:\SRC\evolution\libraries\commons-lang3-3.5.jar;D:\SRC\evolution\libraries\jopt-simple-5.0.3.jar;D:\SRC\evolution\libraries\ViaSnakeYaml-1.27.jar;D:\SRC\evolution\libraries\ViaSnakeYaml-1.30.jar;D:\SRC\evolution\libraries\commons-codec-1.10.jar;D:\SRC\evolution\libraries\text2speech-1.10.3.jar;D:\SRC\evolution\libraries\codecjorbis-20101023.jar;D:\SRC\evolution\libraries\jsr305-3.0.1-sources.jar;D:\SRC\evolution\libraries\soundsystem-20120107.jar;D:\SRC\evolution\libraries\commons-logging-1.1.3.jar;D:\SRC\evolution\libraries\netty-all-4.1.9.Final.jar;D:\SRC\evolution\libraries\commons-compress-1.8.1.jar;D:\SRC\evolution\libraries\icu4j-core-mojang-51.2.jar;D:\SRC\evolution\libraries\javax.annotation-1.0.1.jar;D:\SRC\evolution\libraries\ViaRewind-2.0.3-SNAPSHOT.jar;D:\SRC\evolution\libraries\libraryjavasound-20101123.jar;D:\SRC\evolution\libraries\ViaVersion-4.1.2-SNAPSHOT.jar;D:\SRC\evolution\libraries\ViaVersion-4.3.2-SNAPSHOT.jar;D:\SRC\evolution\libraries\librarylwjglopenal-20100824.jar;D:\SRC\evolution\libraries\ViaBackwards-4.1.2-SNAPSHOT.jar;D:\SRC\evolution\libraries\ViaBackwards-4.3.1-SNAPSHOT.jar;D:\SRC\evolution\libraries\lwjgl-2.9.4-nightly-20150209.jar;D:\SRC\evolution\libraries\lwjgl_util-2.9.4-nightly-20150209.jar;D:\SRC\evolution\libraries\text2speech-1.10.3-natives-windows.jar;D:\SRC\evolution\libraries\jinput-platform-2.0.5-natives-windows.jar;D:\SRC\evolution\libraries\lwjgl-platform-2.9.4-nightly-20150209-natives-windows.jar;D:\intl\IntelliJ IDEA Community Edition 2022.2.3\lib\idea_rt.jar
Launcher Type: SUN_STANDARD

[Global flags]
     intx CICompilerCount                          = 4                                         {product} {ergonomic}
     uint ConcGCThreads                            = 3                                         {product} {ergonomic}
     uint G1ConcRefinementThreads                  = 10                                        {product} {ergonomic}
   size_t G1HeapRegionSize                         = 1048576                                   {product} {ergonomic}
    uintx GCDrainStackTargetSize                   = 64                                        {product} {ergonomic}
   size_t InitialHeapSize                          = 130023424                                 {product} {ergonomic}
   size_t MarkStackSize                            = 4194304                                   {product} {ergonomic}
   size_t MaxHeapSize                              = 2080374784                                {product} {ergonomic}
   size_t MaxNewSize                               = 1247805440                                {product} {ergonomic}
   size_t MinHeapDeltaBytes                        = 1048576                                   {product} {ergonomic}
   size_t MinHeapSize                              = 8388608                                   {product} {ergonomic}
    uintx NonNMethodCodeHeapSize                   = 5839372                                {pd product} {ergonomic}
    uintx NonProfiledCodeHeapSize                  = 122909434                              {pd product} {ergonomic}
    uintx ProfiledCodeHeapSize                     = 122909434                              {pd product} {ergonomic}
    uintx ReservedCodeCacheSize                    = 251658240                              {pd product} {ergonomic}
     bool SegmentedCodeCache                       = true                                      {product} {ergonomic}
   size_t SoftMaxHeapSize                          = 2080374784                             {manageable} {ergonomic}
     bool UseCompressedClassPointers               = true                           {product lp64_product} {ergonomic}
     bool UseCompressedOops                        = true                           {product lp64_product} {ergonomic}
     bool UseG1GC                                  = true                                      {product} {ergonomic}
     bool UseLargePagesIndividualAllocation        = false                                  {pd product} {ergonomic}

Logging:
Log output configuration:
 #0: stdout all=off uptime,level,tags foldmultilines=false
 #1: stderr all=off uptime,level,tags foldmultilines=false

Environment Variables:
PATH=C:\WINDOWS\system32;C:\WINDOWS;C:\WINDOWS\System32\Wbem;C:\WINDOWS\System32\WindowsPowerShell\v1.0\;C:\WINDOWS\System32\OpenSSH\;C:\Program Files\Git\cmd;C:\Users\Artem\AppData\Local\Microsoft\WindowsApps;C:\Users\Artem\PycharmProjects\pythonProject\venv\Scripts\;D:\PyCharm Community Edition 2022.3\bin\;C:\Users\Artem\PycharmProjects\pythonProject1\venv\Scripts\;
USERNAME=Artem
OS=Windows_NT
PROCESSOR_IDENTIFIER=Intel64 Family 6 Model 141 Stepping 1, GenuineIntel



---------------  S Y S T E M  ---------------

OS:
 Windows 10 , 64 bit Build 19041 (10.0.19041.2364)
OS uptime: 2 days 3:56 hours

CPU: total 12 (initial active 12) (6 cores per cpu, 2 threads per core) family 6 model 141 stepping 1 microcode 0x32, cx8, cmov, fxsr, ht, mmx, 3dnowpref, sse, sse2, sse3, ssse3, sse4.1, sse4.2, popcnt, lzcnt, tsc, tscinvbit, avx, avx2, aes, erms, clmul, bmi1, bmi2, adx, avx512f, avx512dq, avx512cd, avx512bw, avx512vl, sha, fma, vzeroupper, avx512_vpopcntdq, avx512_vpclmulqdq, avx512_vaes, avx512_vnni, clflush, clflushopt, clwb, avx512_vbmi2, avx512_vbmi

Memory: 4k page, system-wide physical 7933M (824M free)
TotalPageFile size 18276M (AvailPageFile size 3246M)
current process WorkingSet (physical memory assigned to process): 372M, peak: 429M
current process commit charge ("private bytes"): 377M, peak: 439M

vm_info: OpenJDK 64-Bit Server VM (18.0.2+9-FR) for windows-amd64 JRE (18.0.2+9-FR), built on Jul 15 2022 20:03:03 by "Administrator" with MS VC++ 15.9 (VS2017)

END.
